practica_dos/build/app/intermediates/manifest_merge_blame_file/debug/manifest-merger-blame-debug-report.txt
1<?xml version="1.0" encoding="utf-8"?>
2<manifest xmlns:android="http://schemas.android.com/apk/res/android"
3    package="mx.iteso.practica.dos.practica_dos"
4    android:versionCode="1"
5    android:versionName="1.0.0" >
6
7    <uses-sdk
8        android:minSdkVersion="24"
9        android:targetSdkVersion="28" />
10    <!--
11         Flutter needs it to communicate with the running application
12         to allow setting breakpoints, to provide hot reload, etc.
13    -->
14    <uses-permission android:name="android.permission.INTERNET" />
14-->src\debug\AndroidManifest.xml:6:5-66
14-->src\debug\AndroidManifest.xml:6:22-64
15    <uses-permission android:name="android.permission.READ_EXTERNAL_STORAGE" />
15-->[:image_picker] AndroidManifest.xml:7:5-80
15-->[:image_picker] AndroidManifest.xml:7:22-77
16    <uses-permission android:name="android.permission.WRITE_EXTERNAL_STORAGE" /> <!-- Although the *SdkVersion is captured in gradle build files, this is required for non gradle builds -->
16-->[:image_picker] AndroidManifest.xml:8:5-81
16-->[:image_picker] AndroidManifest.xml:8:22-78
17    <!-- <uses-sdk android:minSdkVersion="14"/> -->
18    <uses-permission android:name="android.permission.ACCESS_NETWORK_STATE" />
18-->[com.google.firebase:firebase-storage:17.0.0] AndroidManifest.xml:26:5-79
18-->[com.google.firebase:firebase-storage:17.0.0] AndroidManifest.xml:26:22-76
19    <!--
20 io.flutter.app.FlutterApplication is an android.app.Application that
21         calls FlutterMain.startInitialization(this); in its onCreate method.
22         In most cases you can leave this as-is, but you if you want to provide
23         additional functionality it is fine to subclass or reimplement
24         FlutterApplication and put your custom class here.
25    -->
26    <application
26-->src\main\AndroidManifest.xml:9:5-27:19
27        android:name="io.flutter.app.FlutterApplication"
27-->src\main\AndroidManifest.xml:9:18-66
28        android:appComponentFactory="androidx.core.app.CoreComponentFactory"
28-->[androidx.core:core:1.1.0] AndroidManifest.xml:24:18-86
29        android:debuggable="true"
30        android:icon="@mipmap/ic_launcher"
30-->src\main\AndroidManifest.xml:11:9-43
31        android:label="practica_dos" >
31-->src\main\AndroidManifest.xml:10:9-37
32        <activity
32-->src\main\AndroidManifest.xml:12:9-22:20
33            android:name="mx.iteso.practica.dos.practica_dos.MainActivity"
33-->src\main\AndroidManifest.xml:12:19-47
34            android:configChanges="orientation|keyboardHidden|keyboard|screenSize|smallestScreenSize|locale|layoutDirection|fontScale|screenLayout|density|uiMode"
34-->src\main\AndroidManifest.xml:15:13-163
35            android:hardwareAccelerated="true"
35-->src\main\AndroidManifest.xml:16:13-47
36            android:launchMode="singleTop"
36-->src\main\AndroidManifest.xml:13:13-43
37            android:theme="@style/LaunchTheme"
37-->src\main\AndroidManifest.xml:14:13-47
38            android:windowSoftInputMode="adjustResize" >
38-->src\main\AndroidManifest.xml:17:13-55
39            <intent-filter>
39-->src\main\AndroidManifest.xml:18:13-21:29
40                <action android:name="android.intent.action.MAIN" />
40-->src\main\AndroidManifest.xml:19:17-68
40-->src\main\AndroidManifest.xml:19:25-66
41
42                <category android:name="android.intent.category.LAUNCHER" />
42-->src\main\AndroidManifest.xml:20:17-76
42-->src\main\AndroidManifest.xml:20:27-74
43            </intent-filter>
44        </activity>
45        <!--
46             Don't delete the meta-data below.
47             This is used by the Flutter tool to generate GeneratedPluginRegistrant.java
48        -->
49        <meta-data
49-->src\main\AndroidManifest.xml:25:9-26:33
50            android:name="flutterEmbedding"
50-->src\main\AndroidManifest.xml:25:20-51
51            android:value="2" />
51-->src\main\AndroidManifest.xml:26:13-30
52
53        <service
53-->[:firebase_storage] AndroidManifest.xml:8:9-12:19
54            android:name="com.google.firebase.components.ComponentDiscoveryService"
54-->[:firebase_storage] AndroidManifest.xml:8:18-89
55            android:directBootAware="true"
55-->[com.google.firebase:firebase-common:19.3.0] AndroidManifest.xml:34:13-43
56            android:exported="false" >
56-->[com.google.firebase:firebase-auth:19.2.0] AndroidManifest.xml:35:13-37
57            <meta-data
57-->[:firebase_storage] AndroidManifest.xml:9:13-11:85
58                android:name="com.google.firebase.components:io.flutter.plugins.firebase.storage.FlutterFirebaseAppRegistrar"
58-->[:firebase_storage] AndroidManifest.xml:10:17-126
59                android:value="com.google.firebase.components.ComponentRegistrar" />
59-->[:firebase_storage] AndroidManifest.xml:11:17-82
60            <meta-data
60-->[:firebase_auth] AndroidManifest.xml:9:13-11:85
61                android:name="com.google.firebase.components:io.flutter.plugins.firebaseauth.FlutterFirebaseAppRegistrar"
61-->[:firebase_auth] AndroidManifest.xml:10:17-122
62                android:value="com.google.firebase.components.ComponentRegistrar" />
62-->[:firebase_auth] AndroidManifest.xml:11:17-82
63            <meta-data
63-->[:cloud_firestore] AndroidManifest.xml:9:13-11:85
64                android:name="com.google.firebase.components:io.flutter.plugins.firebase.cloudfirestore.FlutterFirebaseAppRegistrar"
64-->[:cloud_firestore] AndroidManifest.xml:10:17-133
65                android:value="com.google.firebase.components.ComponentRegistrar" />
65-->[:cloud_firestore] AndroidManifest.xml:11:17-82
66            <meta-data
66-->[:firebase_core] AndroidManifest.xml:9:13-11:85
67                android:name="com.google.firebase.components:io.flutter.plugins.firebase.core.FlutterFirebaseAppRegistrar"
67-->[:firebase_core] AndroidManifest.xml:10:17-123
68                android:value="com.google.firebase.components.ComponentRegistrar" />
68-->[:firebase_core] AndroidManifest.xml:11:17-82
69            <meta-data
69-->[com.google.firebase:firebase-auth:19.2.0] AndroidManifest.xml:36:13-38:85
70                android:name="com.google.firebase.components:com.google.firebase.auth.FirebaseAuthRegistrar"
70-->[com.google.firebase:firebase-auth:19.2.0] AndroidManifest.xml:37:17-109
71                android:value="com.google.firebase.components.ComponentRegistrar" />
71-->[com.google.firebase:firebase-auth:19.2.0] AndroidManifest.xml:38:17-82
72            <meta-data
72-->[com.google.firebase:firebase-storage:17.0.0] AndroidManifest.xml:31:13-33:85
73                android:name="com.google.firebase.components:com.google.firebase.storage.StorageRegistrar"
73-->[com.google.firebase:firebase-storage:17.0.0] AndroidManifest.xml:32:17-107
74                android:value="com.google.firebase.components.ComponentRegistrar" />
74-->[com.google.firebase:firebase-storage:17.0.0] AndroidManifest.xml:33:17-82
75            <meta-data
75-->[com.google.firebase:firebase-firestore:21.3.0] AndroidManifest.xml:20:13-22:85
76                android:name="com.google.firebase.components:com.google.firebase.firestore.FirestoreRegistrar"
76-->[com.google.firebase:firebase-firestore:21.3.0] AndroidManifest.xml:21:17-111
77                android:value="com.google.firebase.components.ComponentRegistrar" />
77-->[com.google.firebase:firebase-firestore:21.3.0] AndroidManifest.xml:22:17-82
78        </service>
79
80        <provider
80-->[:image_picker] AndroidManifest.xml:11:9-19:20
81            android:name="io.flutter.plugins.imagepicker.ImagePickerFileProvider"
81-->[:image_picker] AndroidManifest.xml:12:13-82
82            android:authorities="mx.iteso.practica.dos.practica_dos.flutter.image_provider"
82-->[:image_picker] AndroidManifest.xml:13:13-74
83            android:exported="false"
83-->[:image_picker] AndroidManifest.xml:14:13-37
84            android:grantUriPermissions="true" >
84-->[:image_picker] AndroidManifest.xml:15:13-47
85            <meta-data
85-->[:image_picker] AndroidManifest.xml:16:13-18:75
86                android:name="android.support.FILE_PROVIDER_PATHS"
86-->[:image_picker] AndroidManifest.xml:17:17-67
87                android:resource="@xml/flutter_image_picker_file_paths" />
87-->[:image_picker] AndroidManifest.xml:18:17-72
88        </provider>
89        <provider
89-->[:flutter_email_sender] AndroidManifest.xml:8:9-16:20
90            android:name="com.sidlatau.flutteremailsender.FlutterEmailSenderFileProvider"
90-->[:flutter_email_sender] AndroidManifest.xml:9:13-90
91            android:authorities="mx.iteso.practica.dos.practica_dos.file_provider"
91-->[:flutter_email_sender] AndroidManifest.xml:10:13-65
92            android:exported="false"
92-->[:flutter_email_sender] AndroidManifest.xml:11:13-37
93            android:grantUriPermissions="true" >
93-->[:flutter_email_sender] AndroidManifest.xml:12:13-47
94            <meta-data
94-->[:image_picker] AndroidManifest.xml:16:13-18:75
95                android:name="android.support.FILE_PROVIDER_PATHS"
95-->[:image_picker] AndroidManifest.xml:17:17-67
96                android:resource="@xml/shared_file_paths" />
96-->[:image_picker] AndroidManifest.xml:18:17-72
97        </provider>
98
99        <activity
99-->[:url_launcher] AndroidManifest.xml:8:9-11:74
100            android:name="io.flutter.plugins.urllauncher.WebViewActivity"
100-->[:url_launcher] AndroidManifest.xml:9:13-74
101            android:exported="false"
101-->[:url_launcher] AndroidManifest.xml:10:13-37
102            android:theme="@android:style/Theme.NoTitleBar.Fullscreen" />
102-->[:url_launcher] AndroidManifest.xml:11:13-71
103        <activity
103-->[com.google.firebase:firebase-auth:19.2.0] AndroidManifest.xml:24:9-31:50
104            android:name="com.google.firebase.auth.internal.FederatedSignInActivity"
104-->[com.google.firebase:firebase-auth:19.2.0] AndroidManifest.xml:25:13-85
105            android:excludeFromRecents="true"
105-->[com.google.firebase:firebase-auth:19.2.0] AndroidManifest.xml:26:13-46
106            android:exported="true"
106-->[com.google.firebase:firebase-auth:19.2.0] AndroidManifest.xml:27:13-36
107            android:launchMode="singleTask"
107-->[com.google.firebase:firebase-auth:19.2.0] AndroidManifest.xml:28:13-44
108            android:permission="com.google.firebase.auth.api.gms.permission.LAUNCH_FEDERATED_SIGN_IN"
108-->[com.google.firebase:firebase-auth:19.2.0] AndroidManifest.xml:29:13-102
109            android:theme="@android:style/Theme.Translucent.NoTitleBar" />
109-->[com.google.firebase:firebase-auth:19.2.0] AndroidManifest.xml:30:13-72
110        <activity
110-->[com.google.android.gms:play-services-auth:16.0.1] AndroidManifest.xml:23:9-27:75
111            android:name="com.google.android.gms.auth.api.signin.internal.SignInHubActivity"
111-->[com.google.android.gms:play-services-auth:16.0.1] AndroidManifest.xml:24:13-93
112            android:excludeFromRecents="true"
112-->[com.google.android.gms:play-services-auth:16.0.1] AndroidManifest.xml:25:13-46
113            android:exported="false"
113-->[com.google.android.gms:play-services-auth:16.0.1] AndroidManifest.xml:26:13-37
114            android:theme="@android:style/Theme.Translucent.NoTitleBar" />
114-->[com.google.android.gms:play-services-auth:16.0.1] AndroidManifest.xml:27:13-72
115        <!--
116            Service handling Google Sign-In user revocation. For apps that do not integrate with
117            Google Sign-In, this service will never be started.
118        -->
119        <service
119-->[com.google.android.gms:play-services-auth:16.0.1] AndroidManifest.xml:33:9-36:110
120            android:name="com.google.android.gms.auth.api.signin.RevocationBoundService"
120-->[com.google.android.gms:play-services-auth:16.0.1] AndroidManifest.xml:34:13-89
121            android:exported="true"
121-->[com.google.android.gms:play-services-auth:16.0.1] AndroidManifest.xml:35:13-36
122            android:permission="com.google.android.gms.auth.api.signin.permission.REVOCATION_NOTIFICATION" />
122-->[com.google.android.gms:play-services-auth:16.0.1] AndroidManifest.xml:36:13-107
123
124        <provider
124-->[com.google.firebase:firebase-common:19.3.0] AndroidManifest.xml:26:9-30:39
125            android:name="com.google.firebase.provider.FirebaseInitProvider"
125-->[com.google.firebase:firebase-common:19.3.0] AndroidManifest.xml:27:13-77
126            android:authorities="mx.iteso.practica.dos.practica_dos.firebaseinitprovider"
126-->[com.google.firebase:firebase-common:19.3.0] AndroidManifest.xml:28:13-72
127            android:exported="false"
127-->[com.google.firebase:firebase-common:19.3.0] AndroidManifest.xml:29:13-37
128            android:initOrder="100" />
128-->[com.google.firebase:firebase-common:19.3.0] AndroidManifest.xml:30:13-36
129
130        <activity
130-->[com.google.android.gms:play-services-base:17.1.0] AndroidManifest.xml:23:9-26:75
131            android:name="com.google.android.gms.common.api.GoogleApiActivity"
131-->[com.google.android.gms:play-services-base:17.1.0] AndroidManifest.xml:24:13-79
132            android:exported="false"
132-->[com.google.android.gms:play-services-base:17.1.0] AndroidManifest.xml:25:13-37
133            android:theme="@android:style/Theme.Translucent.NoTitleBar" />
133-->[com.google.android.gms:play-services-base:17.1.0] AndroidManifest.xml:26:13-72
134
135        <meta-data
135-->[com.google.android.gms:play-services-basement:17.0.0] AndroidManifest.xml:23:9-25:69
136            android:name="com.google.android.gms.version"
136-->[com.google.android.gms:play-services-basement:17.0.0] AndroidManifest.xml:24:13-58
137            android:value="@integer/google_play_services_version" />
137-->[com.google.android.gms:play-services-basement:17.0.0] AndroidManifest.xml:25:13-66
138    </application>
139
140</manifest>